\BOOKMARK [1][-]{Doc-Start}{INTRODUCTION GENERALE}{}% 1
\BOOKMARK [1][-]{Doc-Start}{Chapitre 1 : Etat de l\220art}{}% 2
\BOOKMARK [2][-]{subsection.1.1}{Introduction}{Doc-Start}% 3
\BOOKMARK [2][-]{subsection.1.2}{Pr\351sentation de l\220organisme d\220accueil: G\351n\351ral Assistance Connect\351}{Doc-Start}% 4
\BOOKMARK [3][-]{subsubsection.1.2.1}{Pr\351sentation du G\351n\351ral Assistance Connect\351 }{subsection.1.2}% 5
\BOOKMARK [3][-]{subsubsection.1.2.2}{Les missions de G\351n\351ral Assistance Connect\351 }{subsection.1.2}% 6
\BOOKMARK [2][-]{subsection.1.3}{Description du contexte du projet}{Doc-Start}% 7
\BOOKMARK [3][-]{subsubsection.1.3.1}{Etude de syst\350me existant}{subsection.1.3}% 8
\BOOKMARK [3][-]{subsubsection.1.3.2}{Critique de l\220existant}{subsection.1.3}% 9
\BOOKMARK [3][-]{subsubsection.1.3.3}{Probl\351matique}{subsection.1.3}% 10
\BOOKMARK [3][-]{subsubsection.1.3.4}{Pr\351sentation de la solution propos\351e}{subsection.1.3}% 11
\BOOKMARK [2][-]{subsection.1.4}{Langage et M\351thodologie de la conception}{Doc-Start}% 12
\BOOKMARK [3][-]{subsubsection.1.4.1}{Pilotage du projet avec Scrum}{subsection.1.4}% 13
\BOOKMARK [2][-]{subsection.1.5}{Planification et architecture du projet}{Doc-Start}% 14
\BOOKMARK [3][-]{subsubsection.1.5.1}{Capture des besoins}{subsection.1.5}% 15
\BOOKMARK [3][-]{subsubsection.1.5.2}{Les besoins fonctionnels}{subsection.1.5}% 16
\BOOKMARK [3][-]{subsubsection.1.5.3}{Les besoins non fonctionnels}{subsection.1.5}% 17
\BOOKMARK [3][-]{subsubsection.1.5.4}{Backlog de produit}{subsection.1.5}% 18
\BOOKMARK [3][-]{subsubsection.1.5.5}{Planification de release}{subsection.1.5}% 19
\BOOKMARK [3][-]{subsubsection.1.5.6}{Identification de l\220\351quipe scrum}{subsection.1.5}% 20
\BOOKMARK [3][-]{subsubsection.1.5.7}{Diagramme de cas d\220utilisation initiale}{subsection.1.5}% 21
\BOOKMARK [3][-]{subsubsection.1.5.8}{Technologie et outils de d\351veloppement}{subsection.1.5}% 22
\BOOKMARK [3][-]{subsubsection.1.5.9}{Environnement technique de travail}{subsection.1.5}% 23
\BOOKMARK [2][-]{subsection.1.6}{Conclusion}{Doc-Start}% 24
\BOOKMARK [1][-]{subsection.1.6}{ Chapitre 2 : Release 1 " D\351veloppement des modules "}{}% 25
\BOOKMARK [2][-]{subsection.2.1}{Introduction}{subsection.1.6}% 26
\BOOKMARK [2][-]{subsection.2.2}{Sprint 1 : Module d'administration}{subsection.1.6}% 27
\BOOKMARK [3][-]{subsubsection.2.2.1}{Description textuelle du cas d'utilisation "ajouter un utilisateur"}{subsection.2.2}% 28
\BOOKMARK [3][-]{subsubsection.2.2.2}{Description textuelle du cas d'utilisation "chercher un utilisateur"}{subsection.2.2}% 29
\BOOKMARK [3][-]{subsubsection.2.2.3}{Description textuelle du cas d'utilisation "consulter liste des utilisateurs"}{subsection.2.2}% 30
\BOOKMARK [3][-]{subsubsection.2.2.4}{Conception}{subsection.2.2}% 31
\BOOKMARK [3][-]{subsubsection.2.2.5}{Diagramme de s\351quence "Ajouter un utilisateur"}{subsection.2.2}% 32
\BOOKMARK [3][-]{subsubsection.2.2.6}{Diagramme de s\351quence "consulter la liste des utilisateurs"}{subsection.2.2}% 33
\BOOKMARK [2][-]{subsection.2.3}{Sprint 2 : Module d'assistance}{subsection.1.6}% 34
